                                 Started job on |	Dec 04 09:05:56
                             Started mapping on |	Dec 04 09:06:04
                                    Finished on |	Dec 04 09:16:56
       Mapping speed, Million of reads per hour |	7.49

                          Number of input reads |	1355651
                      Average input read length |	100
                                    UNIQUE READS:
                   Uniquely mapped reads number |	492221
                        Uniquely mapped reads % |	36.31%
                          Average mapped length |	99.58
                       Number of splices: Total |	79635
            Number of splices: Annotated (sjdb) |	72670
                       Number of splices: GT/AG |	77378
                       Number of splices: GC/AG |	390
                       Number of splices: AT/AC |	44
               Number of splices: Non-canonical |	1823
                      Mismatch rate per base, % |	0.59%
                         Deletion rate per base |	0.11%
                        Deletion average length |	5.61
                        Insertion rate per base |	0.06%
                       Insertion average length |	2.36
                             MULTI-MAPPING READS:
        Number of reads mapped to multiple loci |	52879
             % of reads mapped to multiple loci |	3.90%
        Number of reads mapped to too many loci |	8028
             % of reads mapped to too many loci |	0.59%
                                  UNMAPPED READS:
       % of reads unmapped: too many mismatches |	0.00%
                 % of reads unmapped: too short |	59.10%
                     % of reads unmapped: other |	0.10%
                                  CHIMERIC READS:
                       Number of chimeric reads |	0
                            % of chimeric reads |	0.00%
